<?xml version="1.0" encoding="UTF-8"?>
<!-- Generated by org.testng.reporters.JUnitReportReporter -->
<testsuite hostname="DESKTOP-SJEQSC9" failures="0" tests="7" name="com.slinkr.testscript.PeopleExecute$scrapePerson" time="-1710699392.000" errors="1" timestamp="2024-03-17T23:48:11 IST" skipped="6">
  <testcase classname="com.slinkr.testscript.PeopleExecute$scrapePerson" name="openBrowser" time="-1710699392.000">
    <error message="
Can inject only one of &lt;ITestContext, XmlTest&gt; into a @BeforeClass annotated openBrowser.
For more information on native dependency injection please refer to https://testng.org/doc/documentation-main.html#native-dependency-injection" type="org.testng.TestNGException">
      <![CDATA[org.testng.TestNGException: 
Can inject only one of <ITestContext, XmlTest> into a @BeforeClass annotated openBrowser.
For more information on native dependency injection please refer to https://testng.org/doc/documentation-main.html#native-dependency-injection
at org.testng.internal.Parameters.checkParameterTypes(Parameters.java:445)
at org.testng.internal.Parameters.createParametersForMethod(Parameters.java:350)
at org.testng.internal.Parameters.createParameters(Parameters.java:702)
at org.testng.internal.Parameters.createConfigurationParameters(Parameters.java:166)
at org.testng.internal.invokers.ConfigInvoker.invokeConfigurations(ConfigInvoker.java:306)
at org.testng.internal.invokers.TestMethodWorker.invokeBeforeClassMethods(TestMethodWorker.java:180)
at org.testng.internal.invokers.TestMethodWorker.run(TestMethodWorker.java:122)
at java.base/java.util.ArrayList.forEach(ArrayList.java:1511)
at org.testng.TestRunner.privateRun(TestRunner.java:819)
at org.testng.TestRunner.run(TestRunner.java:619)
at org.testng.SuiteRunner.runTest(SuiteRunner.java:443)
at org.testng.SuiteRunner.runSequentially(SuiteRunner.java:437)
at org.testng.SuiteRunner.privateRun(SuiteRunner.java:397)
at org.testng.SuiteRunner.run(SuiteRunner.java:336)
at org.testng.SuiteRunnerWorker.runSuite(SuiteRunnerWorker.java:52)
at org.testng.SuiteRunnerWorker.run(SuiteRunnerWorker.java:95)
at org.testng.TestNG.runSuitesSequentially(TestNG.java:1301)
at org.testng.TestNG.runSuitesLocally(TestNG.java:1228)
at org.testng.TestNG.runSuites(TestNG.java:1134)
at org.testng.TestNG.run(TestNG.java:1101)
at org.testng.remote.AbstractRemoteTestNG.run(AbstractRemoteTestNG.java:115)
at org.testng.remote.RemoteTestNG.initAndRun(RemoteTestNG.java:251)
at org.testng.remote.RemoteTestNG.main(RemoteTestNG.java:77)
]]>
    </error>
  </testcase> <!-- openBrowser -->
  <testcase classname="com.slinkr.testscript.PeopleExecute$scrapePerson" name="personTableDetails" time="0.000">
    <skipped/>
  </testcase> <!-- personTableDetails -->
  <testcase classname="com.slinkr.testscript.PeopleExecute$scrapePerson" name="sendPersonUrl" time="0.000">
    <skipped/>
  </testcase> <!-- sendPersonUrl -->
  <testcase classname="com.slinkr.testscript.PeopleExecute$scrapePerson" name="OneEndToEndSlinkrPerson" time="0.000">
    <skipped/>
  </testcase> <!-- OneEndToEndSlinkrPerson -->
  <testcase classname="com.slinkr.testscript.PeopleExecute$scrapePerson" name="titleVerification" time="0.000">
    <skipped/>
  </testcase> <!-- titleVerification -->
  <testcase classname="com.slinkr.testscript.PeopleExecute$scrapePerson" name="logoutScreenshot" time="0.000">
    <skipped/>
  </testcase> <!-- logoutScreenshot -->
  <testcase classname="com.slinkr.testscript.PeopleExecute$scrapePerson" name="welcomText" time="0.001">
    <skipped/>
  </testcase> <!-- welcomText -->
</testsuite> <!-- com.slinkr.testscript.PeopleExecute$scrapePerson -->
